<?xml version="1.0" encoding="UTF-8"?>
<!-- Generated by org.testng.reporters.JUnitReportReporter -->
<testsuite hostname="LAPTOP-G878NDMQ" failures="0" tests="1" name="runner.testRunner" time="27.751" errors="0" timestamp="2021-05-06T11:03:16 IST" skipped="0">
  <testcase classname="runner.testRunner" name="feature" time="27.751"/>
  <system-out/>
</testsuite> <!-- runner.testRunner -->
