<?xml version="1.0" encoding="UTF-8"?>
<!-- Generated by org.testng.reporters.JUnitReportReporter -->
<testsuite hostname="LAPTOP-G878NDMQ" failures="0" tests="1" name="runner.testRunner" time="28.701" errors="0" timestamp="06 May 2021 08:21:08 GMT" skipped="0">
  <testcase classname="runner.testRunner" name="feature" time="28.701"/>
</testsuite> <!-- runner.testRunner -->
